2010-10-29 15:57:21,069 - Log4JLogChute initialized using file 'velocity.log'
2010-10-29 15:57:21,070 - Velocity was not initialized! Calling init()...
2010-10-29 15:57:21,070 - Starting Apache Velocity v1.6.4 (compiled: 2010-04-27 15:31:23)
2010-10-29 15:57:21,070 - Default Properties File: org/apache/velocity/runtime/defaults/velocity.properties
2010-10-29 15:57:21,070 - Trying to use logger class org.apache.velocity.runtime.log.AvalonLogChute
2010-10-29 15:57:21,070 - Target log system for org.apache.velocity.runtime.log.AvalonLogChute is not available (java.lang.NoClassDefFoundError: org/apache/log/format/Formatter).  Falling back to next log system...
2010-10-29 15:57:21,070 - Trying to use logger class org.apache.velocity.runtime.log.Log4JLogChute
2010-10-29 15:57:21,070 - Using logger class org.apache.velocity.runtime.log.Log4JLogChute
2010-10-29 15:57:21,076 - ResourceLoader instantiated: org.apache.velocity.runtime.resource.loader.FileResourceLoader
2010-10-29 15:57:21,077 - Do unicode file recognition:  false
2010-10-29 15:57:21,077 - FileResourceLoader : adding path '.'
2010-10-29 15:57:21,089 - ResourceCache: initialized (class org.apache.velocity.runtime.resource.ResourceCacheImpl) with class java.util.Collections$SynchronizedMap cache map.
2010-10-29 15:57:21,091 - Loaded System Directive: org.apache.velocity.runtime.directive.Define
2010-10-29 15:57:21,092 - Loaded System Directive: org.apache.velocity.runtime.directive.Break
2010-10-29 15:57:21,093 - Loaded System Directive: org.apache.velocity.runtime.directive.Evaluate
2010-10-29 15:57:21,094 - Loaded System Directive: org.apache.velocity.runtime.directive.Literal
2010-10-29 15:57:21,095 - Loaded System Directive: org.apache.velocity.runtime.directive.Macro
2010-10-29 15:57:21,097 - Loaded System Directive: org.apache.velocity.runtime.directive.Parse
2010-10-29 15:57:21,098 - Loaded System Directive: org.apache.velocity.runtime.directive.Include
2010-10-29 15:57:21,099 - Loaded System Directive: org.apache.velocity.runtime.directive.Foreach
2010-10-29 15:57:21,101 - Velocity was not initialized! Calling init()...
2010-10-29 15:57:21,124 - Velocity was not initialized! Calling init()...
2010-10-29 15:57:21,124 - Velocity was not initialized! Calling init()...
2010-10-29 15:57:21,124 - Velocity was not initialized! Calling init()...
2010-10-29 15:57:21,124 - Velocity was not initialized! Calling init()...
2010-10-29 15:57:21,124 - Velocity was not initialized! Calling init()...
2010-10-29 15:57:21,125 - Velocity was not initialized! Calling init()...
2010-10-29 15:57:21,125 - Velocity was not initialized! Calling init()...
2010-10-29 15:57:21,125 - Velocity was not initialized! Calling init()...
2010-10-29 15:57:21,125 - Velocity was not initialized! Calling init()...
2010-10-29 15:57:21,125 - Velocity was not initialized! Calling init()...
2010-10-29 15:57:21,125 - Velocity was not initialized! Calling init()...
2010-10-29 15:57:21,125 - Velocity was not initialized! Calling init()...
2010-10-29 15:57:21,126 - Velocity was not initialized! Calling init()...
2010-10-29 15:57:21,126 - Velocity was not initialized! Calling init()...
2010-10-29 15:57:21,126 - Velocity was not initialized! Calling init()...
2010-10-29 15:57:21,126 - Velocity was not initialized! Calling init()...
2010-10-29 15:57:21,126 - Velocity was not initialized! Calling init()...
2010-10-29 15:57:21,126 - Velocity was not initialized! Calling init()...
2010-10-29 15:57:21,126 - Velocity was not initialized! Calling init()...
2010-10-29 15:57:21,126 - Created '20' parsers.
2010-10-29 15:57:21,134 - Velocimacro : "velocimacro.library" is not set.  Trying default library: VM_global_library.vm
2010-10-29 15:57:21,134 - Velocity was not initialized! Calling init()...
2010-10-29 15:57:21,134 - Velocimacro : Default library not found.
2010-10-29 15:57:21,134 - Velocimacro : allowInline = true : VMs can be defined inline in templates
2010-10-29 15:57:21,134 - Velocimacro : allowInlineToOverride = false : VMs defined inline may NOT replace previous VM definitions
2010-10-29 15:57:21,134 - Velocimacro : allowInlineLocal = false : VMs defined inline will be global in scope if allowed.
2010-10-29 15:57:21,135 - Velocimacro : autoload off : VM system will not automatically reload global library macros
2010-10-29 15:58:55,485 - Log4JLogChute initialized using file 'velocity.log'
2010-10-29 15:58:55,486 - Velocity was not initialized! Calling init()...
2010-10-29 15:58:55,486 - Starting Apache Velocity v1.6.4 (compiled: 2010-04-27 15:31:23)
2010-10-29 15:58:55,486 - Default Properties File: org/apache/velocity/runtime/defaults/velocity.properties
2010-10-29 15:58:55,486 - Trying to use logger class org.apache.velocity.runtime.log.AvalonLogChute
2010-10-29 15:58:55,486 - Target log system for org.apache.velocity.runtime.log.AvalonLogChute is not available (java.lang.NoClassDefFoundError: org/apache/log/format/Formatter).  Falling back to next log system...
2010-10-29 15:58:55,486 - Trying to use logger class org.apache.velocity.runtime.log.Log4JLogChute
2010-10-29 15:58:55,487 - Using logger class org.apache.velocity.runtime.log.Log4JLogChute
2010-10-29 15:58:55,502 - ResourceLoader instantiated: org.apache.velocity.runtime.resource.loader.FileResourceLoader
2010-10-29 15:58:55,506 - Do unicode file recognition:  false
2010-10-29 15:58:55,506 - FileResourceLoader : adding path '.'
2010-10-29 15:58:55,540 - ResourceCache: initialized (class org.apache.velocity.runtime.resource.ResourceCacheImpl) with class java.util.Collections$SynchronizedMap cache map.
2010-10-29 15:58:55,545 - Loaded System Directive: org.apache.velocity.runtime.directive.Define
2010-10-29 15:58:55,549 - Loaded System Directive: org.apache.velocity.runtime.directive.Break
2010-10-29 15:58:55,552 - Loaded System Directive: org.apache.velocity.runtime.directive.Evaluate
2010-10-29 15:58:55,554 - Loaded System Directive: org.apache.velocity.runtime.directive.Literal
2010-10-29 15:58:55,558 - Loaded System Directive: org.apache.velocity.runtime.directive.Macro
2010-10-29 15:58:55,563 - Loaded System Directive: org.apache.velocity.runtime.directive.Parse
2010-10-29 15:58:55,567 - Loaded System Directive: org.apache.velocity.runtime.directive.Include
2010-10-29 15:58:55,569 - Loaded System Directive: org.apache.velocity.runtime.directive.Foreach
2010-10-29 15:58:55,579 - Velocity was not initialized! Calling init()...
2010-10-29 15:58:55,623 - Velocity was not initialized! Calling init()...
2010-10-29 15:58:55,624 - Velocity was not initialized! Calling init()...
2010-10-29 15:58:55,624 - Velocity was not initialized! Calling init()...
2010-10-29 15:58:55,624 - Velocity was not initialized! Calling init()...
2010-10-29 15:58:55,625 - Velocity was not initialized! Calling init()...
2010-10-29 15:58:55,625 - Velocity was not initialized! Calling init()...
2010-10-29 15:58:55,625 - Velocity was not initialized! Calling init()...
2010-10-29 15:58:55,626 - Velocity was not initialized! Calling init()...
2010-10-29 15:58:55,626 - Velocity was not initialized! Calling init()...
2010-10-29 15:58:55,626 - Velocity was not initialized! Calling init()...
2010-10-29 15:58:55,626 - Velocity was not initialized! Calling init()...
2010-10-29 15:58:55,627 - Velocity was not initialized! Calling init()...
2010-10-29 15:58:55,627 - Velocity was not initialized! Calling init()...
2010-10-29 15:58:55,627 - Velocity was not initialized! Calling init()...
2010-10-29 15:58:55,628 - Velocity was not initialized! Calling init()...
2010-10-29 15:58:55,628 - Velocity was not initialized! Calling init()...
2010-10-29 15:58:55,628 - Velocity was not initialized! Calling init()...
2010-10-29 15:58:55,629 - Velocity was not initialized! Calling init()...
2010-10-29 15:58:55,629 - Velocity was not initialized! Calling init()...
2010-10-29 15:58:55,629 - Created '20' parsers.
2010-10-29 15:58:55,660 - Velocimacro : "velocimacro.library" is not set.  Trying default library: VM_global_library.vm
2010-10-29 15:58:55,660 - Velocity was not initialized! Calling init()...
2010-10-29 15:58:55,661 - Velocimacro : Default library not found.
2010-10-29 15:58:55,661 - Velocimacro : allowInline = true : VMs can be defined inline in templates
2010-10-29 15:58:55,661 - Velocimacro : allowInlineToOverride = false : VMs defined inline may NOT replace previous VM definitions
2010-10-29 15:58:55,661 - Velocimacro : allowInlineLocal = false : VMs defined inline will be global in scope if allowed.
2010-10-29 15:58:55,661 - Velocimacro : autoload off : VM system will not automatically reload global library macros
2010-10-29 16:01:35,794 - Log4JLogChute initialized using file 'velocity.log'
2010-10-29 16:01:35,795 - Velocity was not initialized! Calling init()...
2010-10-29 16:01:35,795 - Starting Apache Velocity v1.6.4 (compiled: 2010-04-27 15:31:23)
2010-10-29 16:01:35,795 - Default Properties File: org/apache/velocity/runtime/defaults/velocity.properties
2010-10-29 16:01:35,795 - Trying to use logger class org.apache.velocity.runtime.log.AvalonLogChute
2010-10-29 16:01:35,795 - Target log system for org.apache.velocity.runtime.log.AvalonLogChute is not available (java.lang.NoClassDefFoundError: org/apache/log/format/Formatter).  Falling back to next log system...
2010-10-29 16:01:35,795 - Trying to use logger class org.apache.velocity.runtime.log.Log4JLogChute
2010-10-29 16:01:35,795 - Using logger class org.apache.velocity.runtime.log.Log4JLogChute
2010-10-29 16:01:35,801 - ResourceLoader instantiated: org.apache.velocity.runtime.resource.loader.FileResourceLoader
2010-10-29 16:01:35,802 - Do unicode file recognition:  false
2010-10-29 16:01:35,802 - FileResourceLoader : adding path '.'
2010-10-29 16:01:35,815 - ResourceCache: initialized (class org.apache.velocity.runtime.resource.ResourceCacheImpl) with class java.util.Collections$SynchronizedMap cache map.
2010-10-29 16:01:35,817 - Loaded System Directive: org.apache.velocity.runtime.directive.Define
2010-10-29 16:01:35,818 - Loaded System Directive: org.apache.velocity.runtime.directive.Break
2010-10-29 16:01:35,819 - Loaded System Directive: org.apache.velocity.runtime.directive.Evaluate
2010-10-29 16:01:35,820 - Loaded System Directive: org.apache.velocity.runtime.directive.Literal
2010-10-29 16:01:35,821 - Loaded System Directive: org.apache.velocity.runtime.directive.Macro
2010-10-29 16:01:35,823 - Loaded System Directive: org.apache.velocity.runtime.directive.Parse
2010-10-29 16:01:35,825 - Loaded System Directive: org.apache.velocity.runtime.directive.Include
2010-10-29 16:01:35,826 - Loaded System Directive: org.apache.velocity.runtime.directive.Foreach
2010-10-29 16:01:35,828 - Velocity was not initialized! Calling init()...
2010-10-29 16:01:35,852 - Velocity was not initialized! Calling init()...
2010-10-29 16:01:35,852 - Velocity was not initialized! Calling init()...
2010-10-29 16:01:35,852 - Velocity was not initialized! Calling init()...
2010-10-29 16:01:35,852 - Velocity was not initialized! Calling init()...
2010-10-29 16:01:35,852 - Velocity was not initialized! Calling init()...
2010-10-29 16:01:35,852 - Velocity was not initialized! Calling init()...
2010-10-29 16:01:35,852 - Velocity was not initialized! Calling init()...
2010-10-29 16:01:35,852 - Velocity was not initialized! Calling init()...
2010-10-29 16:01:35,853 - Velocity was not initialized! Calling init()...
2010-10-29 16:01:35,853 - Velocity was not initialized! Calling init()...
2010-10-29 16:01:35,853 - Velocity was not initialized! Calling init()...
2010-10-29 16:01:35,853 - Velocity was not initialized! Calling init()...
2010-10-29 16:01:35,853 - Velocity was not initialized! Calling init()...
2010-10-29 16:01:35,853 - Velocity was not initialized! Calling init()...
2010-10-29 16:01:35,853 - Velocity was not initialized! Calling init()...
2010-10-29 16:01:35,853 - Velocity was not initialized! Calling init()...
2010-10-29 16:01:35,854 - Velocity was not initialized! Calling init()...
2010-10-29 16:01:35,854 - Velocity was not initialized! Calling init()...
2010-10-29 16:01:35,854 - Velocity was not initialized! Calling init()...
2010-10-29 16:01:35,854 - Created '20' parsers.
2010-10-29 16:01:35,862 - Velocimacro : "velocimacro.library" is not set.  Trying default library: VM_global_library.vm
2010-10-29 16:01:35,862 - Velocity was not initialized! Calling init()...
2010-10-29 16:01:35,862 - Velocimacro : Default library not found.
2010-10-29 16:01:35,862 - Velocimacro : allowInline = true : VMs can be defined inline in templates
2010-10-29 16:01:35,862 - Velocimacro : allowInlineToOverride = false : VMs defined inline may NOT replace previous VM definitions
2010-10-29 16:01:35,862 - Velocimacro : allowInlineLocal = false : VMs defined inline will be global in scope if allowed.
2010-10-29 16:01:35,862 - Velocimacro : autoload off : VM system will not automatically reload global library macros
2010-10-29 16:06:52,219 - Log4JLogChute initialized using file 'velocity.log'
2010-10-29 16:06:52,220 - Velocity was not initialized! Calling init()...
2010-10-29 16:06:52,220 - Starting Apache Velocity v1.6.4 (compiled: 2010-04-27 15:31:23)
2010-10-29 16:06:52,220 - Default Properties File: org/apache/velocity/runtime/defaults/velocity.properties
2010-10-29 16:06:52,220 - Trying to use logger class org.apache.velocity.runtime.log.AvalonLogChute
2010-10-29 16:06:52,220 - Target log system for org.apache.velocity.runtime.log.AvalonLogChute is not available (java.lang.NoClassDefFoundError: org/apache/log/format/Formatter).  Falling back to next log system...
2010-10-29 16:06:52,220 - Trying to use logger class org.apache.velocity.runtime.log.Log4JLogChute
2010-10-29 16:06:52,220 - Using logger class org.apache.velocity.runtime.log.Log4JLogChute
2010-10-29 16:06:52,226 - ResourceLoader instantiated: org.apache.velocity.runtime.resource.loader.FileResourceLoader
2010-10-29 16:06:52,227 - Do unicode file recognition:  false
2010-10-29 16:06:52,227 - FileResourceLoader : adding path '.'
2010-10-29 16:06:52,240 - ResourceCache: initialized (class org.apache.velocity.runtime.resource.ResourceCacheImpl) with class java.util.Collections$SynchronizedMap cache map.
2010-10-29 16:06:52,241 - Loaded System Directive: org.apache.velocity.runtime.directive.Define
2010-10-29 16:06:52,243 - Loaded System Directive: org.apache.velocity.runtime.directive.Break
2010-10-29 16:06:52,243 - Loaded System Directive: org.apache.velocity.runtime.directive.Evaluate
2010-10-29 16:06:52,244 - Loaded System Directive: org.apache.velocity.runtime.directive.Literal
2010-10-29 16:06:52,245 - Loaded System Directive: org.apache.velocity.runtime.directive.Macro
2010-10-29 16:06:52,247 - Loaded System Directive: org.apache.velocity.runtime.directive.Parse
2010-10-29 16:06:52,248 - Loaded System Directive: org.apache.velocity.runtime.directive.Include
2010-10-29 16:06:52,249 - Loaded System Directive: org.apache.velocity.runtime.directive.Foreach
2010-10-29 16:06:52,252 - Velocity was not initialized! Calling init()...
2010-10-29 16:06:52,275 - Velocity was not initialized! Calling init()...
2010-10-29 16:06:52,275 - Velocity was not initialized! Calling init()...
2010-10-29 16:06:52,275 - Velocity was not initialized! Calling init()...
2010-10-29 16:06:52,275 - Velocity was not initialized! Calling init()...
2010-10-29 16:06:52,275 - Velocity was not initialized! Calling init()...
2010-10-29 16:06:52,275 - Velocity was not initialized! Calling init()...
2010-10-29 16:06:52,275 - Velocity was not initialized! Calling init()...
2010-10-29 16:06:52,275 - Velocity was not initialized! Calling init()...
2010-10-29 16:06:52,276 - Velocity was not initialized! Calling init()...
2010-10-29 16:06:52,276 - Velocity was not initialized! Calling init()...
2010-10-29 16:06:52,276 - Velocity was not initialized! Calling init()...
2010-10-29 16:06:52,276 - Velocity was not initialized! Calling init()...
2010-10-29 16:06:52,276 - Velocity was not initialized! Calling init()...
2010-10-29 16:06:52,276 - Velocity was not initialized! Calling init()...
2010-10-29 16:06:52,276 - Velocity was not initialized! Calling init()...
2010-10-29 16:06:52,276 - Velocity was not initialized! Calling init()...
2010-10-29 16:06:52,277 - Velocity was not initialized! Calling init()...
2010-10-29 16:06:52,277 - Velocity was not initialized! Calling init()...
2010-10-29 16:06:52,277 - Velocity was not initialized! Calling init()...
2010-10-29 16:06:52,277 - Created '20' parsers.
2010-10-29 16:06:52,286 - Velocimacro : "velocimacro.library" is not set.  Trying default library: VM_global_library.vm
2010-10-29 16:06:52,286 - Velocity was not initialized! Calling init()...
2010-10-29 16:06:52,286 - Velocimacro : Default library not found.
2010-10-29 16:06:52,286 - Velocimacro : allowInline = true : VMs can be defined inline in templates
2010-10-29 16:06:52,286 - Velocimacro : allowInlineToOverride = false : VMs defined inline may NOT replace previous VM definitions
2010-10-29 16:06:52,286 - Velocimacro : allowInlineLocal = false : VMs defined inline will be global in scope if allowed.
2010-10-29 16:06:52,286 - Velocimacro : autoload off : VM system will not automatically reload global library macros
2010-10-29 16:33:16,518 - Log4JLogChute initialized using file 'velocity.log'
2010-10-29 16:33:16,519 - Velocity was not initialized! Calling init()...
2010-10-29 16:33:16,519 - Starting Apache Velocity v1.6.4 (compiled: 2010-04-27 15:31:23)
2010-10-29 16:33:16,519 - Default Properties File: org/apache/velocity/runtime/defaults/velocity.properties
2010-10-29 16:33:16,519 - Trying to use logger class org.apache.velocity.runtime.log.AvalonLogChute
2010-10-29 16:33:16,519 - Target log system for org.apache.velocity.runtime.log.AvalonLogChute is not available (java.lang.NoClassDefFoundError: org/apache/log/format/Formatter).  Falling back to next log system...
2010-10-29 16:33:16,519 - Trying to use logger class org.apache.velocity.runtime.log.Log4JLogChute
2010-10-29 16:33:16,519 - Using logger class org.apache.velocity.runtime.log.Log4JLogChute
2010-10-29 16:33:16,524 - ResourceLoader instantiated: org.apache.velocity.runtime.resource.loader.FileResourceLoader
2010-10-29 16:33:16,526 - Do unicode file recognition:  false
2010-10-29 16:33:16,526 - FileResourceLoader : adding path '.'
2010-10-29 16:33:16,538 - ResourceCache: initialized (class org.apache.velocity.runtime.resource.ResourceCacheImpl) with class java.util.Collections$SynchronizedMap cache map.
2010-10-29 16:33:16,540 - Loaded System Directive: org.apache.velocity.runtime.directive.Define
2010-10-29 16:33:16,541 - Loaded System Directive: org.apache.velocity.runtime.directive.Break
2010-10-29 16:33:16,542 - Loaded System Directive: org.apache.velocity.runtime.directive.Evaluate
2010-10-29 16:33:16,543 - Loaded System Directive: org.apache.velocity.runtime.directive.Literal
2010-10-29 16:33:16,544 - Loaded System Directive: org.apache.velocity.runtime.directive.Macro
2010-10-29 16:33:16,545 - Loaded System Directive: org.apache.velocity.runtime.directive.Parse
2010-10-29 16:33:16,547 - Loaded System Directive: org.apache.velocity.runtime.directive.Include
2010-10-29 16:33:16,548 - Loaded System Directive: org.apache.velocity.runtime.directive.Foreach
2010-10-29 16:33:16,550 - Velocity was not initialized! Calling init()...
2010-10-29 16:33:16,573 - Velocity was not initialized! Calling init()...
2010-10-29 16:33:16,574 - Velocity was not initialized! Calling init()...
2010-10-29 16:33:16,574 - Velocity was not initialized! Calling init()...
2010-10-29 16:33:16,574 - Velocity was not initialized! Calling init()...
2010-10-29 16:33:16,574 - Velocity was not initialized! Calling init()...
2010-10-29 16:33:16,574 - Velocity was not initialized! Calling init()...
2010-10-29 16:33:16,574 - Velocity was not initialized! Calling init()...
2010-10-29 16:33:16,574 - Velocity was not initialized! Calling init()...
2010-10-29 16:33:16,574 - Velocity was not initialized! Calling init()...
2010-10-29 16:33:16,575 - Velocity was not initialized! Calling init()...
2010-10-29 16:33:16,575 - Velocity was not initialized! Calling init()...
2010-10-29 16:33:16,575 - Velocity was not initialized! Calling init()...
2010-10-29 16:33:16,575 - Velocity was not initialized! Calling init()...
2010-10-29 16:33:16,575 - Velocity was not initialized! Calling init()...
2010-10-29 16:33:16,575 - Velocity was not initialized! Calling init()...
2010-10-29 16:33:16,575 - Velocity was not initialized! Calling init()...
2010-10-29 16:33:16,575 - Velocity was not initialized! Calling init()...
2010-10-29 16:33:16,576 - Velocity was not initialized! Calling init()...
2010-10-29 16:33:16,576 - Velocity was not initialized! Calling init()...
2010-10-29 16:33:16,576 - Created '20' parsers.
2010-10-29 16:33:16,584 - Velocimacro : "velocimacro.library" is not set.  Trying default library: VM_global_library.vm
2010-10-29 16:33:16,584 - Velocity was not initialized! Calling init()...
2010-10-29 16:33:16,584 - Velocimacro : Default library not found.
2010-10-29 16:33:16,584 - Velocimacro : allowInline = true : VMs can be defined inline in templates
2010-10-29 16:33:16,584 - Velocimacro : allowInlineToOverride = false : VMs defined inline may NOT replace previous VM definitions
2010-10-29 16:33:16,584 - Velocimacro : allowInlineLocal = false : VMs defined inline will be global in scope if allowed.
2010-10-29 16:33:16,584 - Velocimacro : autoload off : VM system will not automatically reload global library macros
2010-10-29 17:37:43,600 - Log4JLogChute initialized using file 'velocity.log'
2010-10-29 17:37:43,601 - Velocity was not initialized! Calling init()...
2010-10-29 17:37:43,601 - Starting Apache Velocity v1.6.4 (compiled: 2010-04-27 15:31:23)
2010-10-29 17:37:43,601 - Default Properties File: org/apache/velocity/runtime/defaults/velocity.properties
2010-10-29 17:37:43,601 - Trying to use logger class org.apache.velocity.runtime.log.AvalonLogChute
2010-10-29 17:37:43,601 - Target log system for org.apache.velocity.runtime.log.AvalonLogChute is not available (java.lang.NoClassDefFoundError: org/apache/log/format/Formatter).  Falling back to next log system...
2010-10-29 17:37:43,601 - Trying to use logger class org.apache.velocity.runtime.log.Log4JLogChute
2010-10-29 17:37:43,601 - Using logger class org.apache.velocity.runtime.log.Log4JLogChute
2010-10-29 17:37:43,606 - ResourceLoader instantiated: org.apache.velocity.runtime.resource.loader.FileResourceLoader
2010-10-29 17:37:43,608 - Do unicode file recognition:  false
2010-10-29 17:37:43,608 - FileResourceLoader : adding path '.'
2010-10-29 17:37:43,620 - ResourceCache: initialized (class org.apache.velocity.runtime.resource.ResourceCacheImpl) with class java.util.Collections$SynchronizedMap cache map.
2010-10-29 17:37:43,622 - Loaded System Directive: org.apache.velocity.runtime.directive.Define
2010-10-29 17:37:43,623 - Loaded System Directive: org.apache.velocity.runtime.directive.Break
2010-10-29 17:37:43,624 - Loaded System Directive: org.apache.velocity.runtime.directive.Evaluate
2010-10-29 17:37:43,625 - Loaded System Directive: org.apache.velocity.runtime.directive.Literal
2010-10-29 17:37:43,632 - Loaded System Directive: org.apache.velocity.runtime.directive.Macro
2010-10-29 17:37:43,634 - Loaded System Directive: org.apache.velocity.runtime.directive.Parse
2010-10-29 17:37:43,636 - Loaded System Directive: org.apache.velocity.runtime.directive.Include
2010-10-29 17:37:43,637 - Loaded System Directive: org.apache.velocity.runtime.directive.Foreach
2010-10-29 17:37:43,640 - Velocity was not initialized! Calling init()...
2010-10-29 17:37:43,666 - Velocity was not initialized! Calling init()...
2010-10-29 17:37:43,666 - Velocity was not initialized! Calling init()...
2010-10-29 17:37:43,666 - Velocity was not initialized! Calling init()...
2010-10-29 17:37:43,666 - Velocity was not initialized! Calling init()...
2010-10-29 17:37:43,666 - Velocity was not initialized! Calling init()...
2010-10-29 17:37:43,667 - Velocity was not initialized! Calling init()...
2010-10-29 17:37:43,667 - Velocity was not initialized! Calling init()...
2010-10-29 17:37:43,667 - Velocity was not initialized! Calling init()...
2010-10-29 17:37:43,667 - Velocity was not initialized! Calling init()...
2010-10-29 17:37:43,667 - Velocity was not initialized! Calling init()...
2010-10-29 17:37:43,667 - Velocity was not initialized! Calling init()...
2010-10-29 17:37:43,667 - Velocity was not initialized! Calling init()...
2010-10-29 17:37:43,668 - Velocity was not initialized! Calling init()...
2010-10-29 17:37:43,668 - Velocity was not initialized! Calling init()...
2010-10-29 17:37:43,668 - Velocity was not initialized! Calling init()...
2010-10-29 17:37:43,668 - Velocity was not initialized! Calling init()...
2010-10-29 17:37:43,668 - Velocity was not initialized! Calling init()...
2010-10-29 17:37:43,668 - Velocity was not initialized! Calling init()...
2010-10-29 17:37:43,668 - Velocity was not initialized! Calling init()...
2010-10-29 17:37:43,669 - Created '20' parsers.
2010-10-29 17:37:43,682 - Velocimacro : "velocimacro.library" is not set.  Trying default library: VM_global_library.vm
2010-10-29 17:37:43,682 - Velocity was not initialized! Calling init()...
2010-10-29 17:37:43,682 - Velocimacro : Default library not found.
2010-10-29 17:37:43,682 - Velocimacro : allowInline = true : VMs can be defined inline in templates
2010-10-29 17:37:43,682 - Velocimacro : allowInlineToOverride = false : VMs defined inline may NOT replace previous VM definitions
2010-10-29 17:37:43,682 - Velocimacro : allowInlineLocal = false : VMs defined inline will be global in scope if allowed.
2010-10-29 17:37:43,682 - Velocimacro : autoload off : VM system will not automatically reload global library macros
2010-11-02 10:50:46,252 - Log4JLogChute initialized using file 'velocity.log'
2010-11-02 10:50:46,253 - Velocity was not initialized! Calling init()...
2010-11-02 10:50:46,253 - Starting Apache Velocity v1.6.4 (compiled: 2010-04-27 15:31:23)
2010-11-02 10:50:46,253 - Default Properties File: org/apache/velocity/runtime/defaults/velocity.properties
2010-11-02 10:50:46,253 - Trying to use logger class org.apache.velocity.runtime.log.AvalonLogChute
2010-11-02 10:50:46,253 - Target log system for org.apache.velocity.runtime.log.AvalonLogChute is not available (java.lang.NoClassDefFoundError: org/apache/log/format/Formatter).  Falling back to next log system...
2010-11-02 10:50:46,253 - Trying to use logger class org.apache.velocity.runtime.log.Log4JLogChute
2010-11-02 10:50:46,253 - Using logger class org.apache.velocity.runtime.log.Log4JLogChute
2010-11-02 10:50:46,259 - ResourceLoader instantiated: org.apache.velocity.runtime.resource.loader.FileResourceLoader
2010-11-02 10:50:46,260 - Do unicode file recognition:  false
2010-11-02 10:50:46,260 - FileResourceLoader : adding path '.'
2010-11-02 10:50:46,272 - ResourceCache: initialized (class org.apache.velocity.runtime.resource.ResourceCacheImpl) with class java.util.Collections$SynchronizedMap cache map.
2010-11-02 10:50:46,274 - Loaded System Directive: org.apache.velocity.runtime.directive.Define
2010-11-02 10:50:46,275 - Loaded System Directive: org.apache.velocity.runtime.directive.Break
2010-11-02 10:50:46,276 - Loaded System Directive: org.apache.velocity.runtime.directive.Evaluate
2010-11-02 10:50:46,276 - Loaded System Directive: org.apache.velocity.runtime.directive.Literal
2010-11-02 10:50:46,277 - Loaded System Directive: org.apache.velocity.runtime.directive.Macro
2010-11-02 10:50:46,279 - Loaded System Directive: org.apache.velocity.runtime.directive.Parse
2010-11-02 10:50:46,280 - Loaded System Directive: org.apache.velocity.runtime.directive.Include
2010-11-02 10:50:46,281 - Loaded System Directive: org.apache.velocity.runtime.directive.Foreach
2010-11-02 10:50:46,283 - Velocity was not initialized! Calling init()...
2010-11-02 10:50:46,305 - Velocity was not initialized! Calling init()...
2010-11-02 10:50:46,306 - Velocity was not initialized! Calling init()...
2010-11-02 10:50:46,306 - Velocity was not initialized! Calling init()...
2010-11-02 10:50:46,306 - Velocity was not initialized! Calling init()...
2010-11-02 10:50:46,306 - Velocity was not initialized! Calling init()...
2010-11-02 10:50:46,306 - Velocity was not initialized! Calling init()...
2010-11-02 10:50:46,306 - Velocity was not initialized! Calling init()...
2010-11-02 10:50:46,306 - Velocity was not initialized! Calling init()...
2010-11-02 10:50:46,306 - Velocity was not initialized! Calling init()...
2010-11-02 10:50:46,307 - Velocity was not initialized! Calling init()...
2010-11-02 10:50:46,307 - Velocity was not initialized! Calling init()...
2010-11-02 10:50:46,307 - Velocity was not initialized! Calling init()...
2010-11-02 10:50:46,307 - Velocity was not initialized! Calling init()...
2010-11-02 10:50:46,307 - Velocity was not initialized! Calling init()...
2010-11-02 10:50:46,307 - Velocity was not initialized! Calling init()...
2010-11-02 10:50:46,307 - Velocity was not initialized! Calling init()...
2010-11-02 10:50:46,308 - Velocity was not initialized! Calling init()...
2010-11-02 10:50:46,308 - Velocity was not initialized! Calling init()...
2010-11-02 10:50:46,308 - Velocity was not initialized! Calling init()...
2010-11-02 10:50:46,308 - Created '20' parsers.
2010-11-02 10:50:46,316 - Velocimacro : "velocimacro.library" is not set.  Trying default library: VM_global_library.vm
2010-11-02 10:50:46,316 - Velocity was not initialized! Calling init()...
2010-11-02 10:50:46,316 - Velocimacro : Default library not found.
2010-11-02 10:50:46,317 - Velocimacro : allowInline = true : VMs can be defined inline in templates
2010-11-02 10:50:46,317 - Velocimacro : allowInlineToOverride = false : VMs defined inline may NOT replace previous VM definitions
2010-11-02 10:50:46,317 - Velocimacro : allowInlineLocal = false : VMs defined inline will be global in scope if allowed.
2010-11-02 10:50:46,317 - Velocimacro : autoload off : VM system will not automatically reload global library macros
2010-11-02 16:21:05,671 - Log4JLogChute initialized using file 'velocity.log'
2010-11-02 16:21:05,671 - Velocity was not initialized! Calling init()...
2010-11-02 16:21:05,671 - Starting Apache Velocity v1.6.4 (compiled: 2010-04-27 15:31:23)
2010-11-02 16:21:05,671 - Default Properties File: org/apache/velocity/runtime/defaults/velocity.properties
2010-11-02 16:21:05,671 - Trying to use logger class org.apache.velocity.runtime.log.AvalonLogChute
2010-11-02 16:21:05,671 - Target log system for org.apache.velocity.runtime.log.AvalonLogChute is not available (java.lang.NoClassDefFoundError: org/apache/log/format/Formatter).  Falling back to next log system...
2010-11-02 16:21:05,671 - Trying to use logger class org.apache.velocity.runtime.log.Log4JLogChute
2010-11-02 16:21:05,671 - Using logger class org.apache.velocity.runtime.log.Log4JLogChute
2010-11-02 16:21:05,676 - ResourceLoader instantiated: org.apache.velocity.runtime.resource.loader.FileResourceLoader
2010-11-02 16:21:05,677 - Do unicode file recognition:  false
2010-11-02 16:21:05,677 - FileResourceLoader : adding path '.'
2010-11-02 16:21:05,689 - ResourceCache: initialized (class org.apache.velocity.runtime.resource.ResourceCacheImpl) with class java.util.Collections$SynchronizedMap cache map.
2010-11-02 16:21:05,691 - Loaded System Directive: org.apache.velocity.runtime.directive.Define
2010-11-02 16:21:05,692 - Loaded System Directive: org.apache.velocity.runtime.directive.Break
2010-11-02 16:21:05,693 - Loaded System Directive: org.apache.velocity.runtime.directive.Evaluate
2010-11-02 16:21:05,693 - Loaded System Directive: org.apache.velocity.runtime.directive.Literal
2010-11-02 16:21:05,694 - Loaded System Directive: org.apache.velocity.runtime.directive.Macro
2010-11-02 16:21:05,696 - Loaded System Directive: org.apache.velocity.runtime.directive.Parse
2010-11-02 16:21:05,697 - Loaded System Directive: org.apache.velocity.runtime.directive.Include
2010-11-02 16:21:05,698 - Loaded System Directive: org.apache.velocity.runtime.directive.Foreach
2010-11-02 16:21:05,700 - Velocity was not initialized! Calling init()...
2010-11-02 16:21:05,722 - Velocity was not initialized! Calling init()...
2010-11-02 16:21:05,723 - Velocity was not initialized! Calling init()...
2010-11-02 16:21:05,723 - Velocity was not initialized! Calling init()...
2010-11-02 16:21:05,723 - Velocity was not initialized! Calling init()...
2010-11-02 16:21:05,723 - Velocity was not initialized! Calling init()...
2010-11-02 16:21:05,723 - Velocity was not initialized! Calling init()...
2010-11-02 16:21:05,723 - Velocity was not initialized! Calling init()...
2010-11-02 16:21:05,723 - Velocity was not initialized! Calling init()...
2010-11-02 16:21:05,724 - Velocity was not initialized! Calling init()...
2010-11-02 16:21:05,724 - Velocity was not initialized! Calling init()...
2010-11-02 16:21:05,724 - Velocity was not initialized! Calling init()...
2010-11-02 16:21:05,724 - Velocity was not initialized! Calling init()...
2010-11-02 16:21:05,724 - Velocity was not initialized! Calling init()...
2010-11-02 16:21:05,724 - Velocity was not initialized! Calling init()...
2010-11-02 16:21:05,724 - Velocity was not initialized! Calling init()...
2010-11-02 16:21:05,724 - Velocity was not initialized! Calling init()...
2010-11-02 16:21:05,725 - Velocity was not initialized! Calling init()...
2010-11-02 16:21:05,725 - Velocity was not initialized! Calling init()...
2010-11-02 16:21:05,725 - Velocity was not initialized! Calling init()...
2010-11-02 16:21:05,725 - Created '20' parsers.
2010-11-02 16:21:05,731 - Velocimacro : "velocimacro.library" is not set.  Trying default library: VM_global_library.vm
2010-11-02 16:21:05,731 - Velocity was not initialized! Calling init()...
2010-11-02 16:21:05,731 - Velocimacro : Default library not found.
2010-11-02 16:21:05,731 - Velocimacro : allowInline = true : VMs can be defined inline in templates
2010-11-02 16:21:05,731 - Velocimacro : allowInlineToOverride = false : VMs defined inline may NOT replace previous VM definitions
2010-11-02 16:21:05,731 - Velocimacro : allowInlineLocal = false : VMs defined inline will be global in scope if allowed.
2010-11-02 16:21:05,731 - Velocimacro : autoload off : VM system will not automatically reload global library macros
2010-11-02 16:21:36,082 - Log4JLogChute initialized using file 'velocity.log'
2010-11-02 16:21:36,082 - Velocity was not initialized! Calling init()...
2010-11-02 16:21:36,083 - Starting Apache Velocity v1.6.4 (compiled: 2010-04-27 15:31:23)
2010-11-02 16:21:36,083 - Default Properties File: org/apache/velocity/runtime/defaults/velocity.properties
2010-11-02 16:21:36,083 - Trying to use logger class org.apache.velocity.runtime.log.AvalonLogChute
2010-11-02 16:21:36,083 - Target log system for org.apache.velocity.runtime.log.AvalonLogChute is not available (java.lang.NoClassDefFoundError: org/apache/log/format/Formatter).  Falling back to next log system...
2010-11-02 16:21:36,083 - Trying to use logger class org.apache.velocity.runtime.log.Log4JLogChute
2010-11-02 16:21:36,083 - Using logger class org.apache.velocity.runtime.log.Log4JLogChute
2010-11-02 16:21:36,087 - ResourceLoader instantiated: org.apache.velocity.runtime.resource.loader.FileResourceLoader
2010-11-02 16:21:36,088 - Do unicode file recognition:  false
2010-11-02 16:21:36,088 - FileResourceLoader : adding path '.'
2010-11-02 16:21:36,099 - ResourceCache: initialized (class org.apache.velocity.runtime.resource.ResourceCacheImpl) with class java.util.Collections$SynchronizedMap cache map.
2010-11-02 16:21:36,101 - Loaded System Directive: org.apache.velocity.runtime.directive.Define
2010-11-02 16:21:36,101 - Loaded System Directive: org.apache.velocity.runtime.directive.Break
2010-11-02 16:21:36,102 - Loaded System Directive: org.apache.velocity.runtime.directive.Evaluate
2010-11-02 16:21:36,102 - Loaded System Directive: org.apache.velocity.runtime.directive.Literal
2010-11-02 16:21:36,103 - Loaded System Directive: org.apache.velocity.runtime.directive.Macro
2010-11-02 16:21:36,105 - Loaded System Directive: org.apache.velocity.runtime.directive.Parse
2010-11-02 16:21:36,106 - Loaded System Directive: org.apache.velocity.runtime.directive.Include
2010-11-02 16:21:36,106 - Loaded System Directive: org.apache.velocity.runtime.directive.Foreach
2010-11-02 16:21:36,108 - Velocity was not initialized! Calling init()...
2010-11-02 16:21:36,129 - Velocity was not initialized! Calling init()...
2010-11-02 16:21:36,129 - Velocity was not initialized! Calling init()...
2010-11-02 16:21:36,129 - Velocity was not initialized! Calling init()...
2010-11-02 16:21:36,129 - Velocity was not initialized! Calling init()...
2010-11-02 16:21:36,130 - Velocity was not initialized! Calling init()...
2010-11-02 16:21:36,130 - Velocity was not initialized! Calling init()...
2010-11-02 16:21:36,130 - Velocity was not initialized! Calling init()...
2010-11-02 16:21:36,130 - Velocity was not initialized! Calling init()...
2010-11-02 16:21:36,130 - Velocity was not initialized! Calling init()...
2010-11-02 16:21:36,130 - Velocity was not initialized! Calling init()...
2010-11-02 16:21:36,130 - Velocity was not initialized! Calling init()...
2010-11-02 16:21:36,130 - Velocity was not initialized! Calling init()...
2010-11-02 16:21:36,131 - Velocity was not initialized! Calling init()...
2010-11-02 16:21:36,131 - Velocity was not initialized! Calling init()...
2010-11-02 16:21:36,131 - Velocity was not initialized! Calling init()...
2010-11-02 16:21:36,131 - Velocity was not initialized! Calling init()...
2010-11-02 16:21:36,131 - Velocity was not initialized! Calling init()...
2010-11-02 16:21:36,131 - Velocity was not initialized! Calling init()...
2010-11-02 16:21:36,131 - Velocity was not initialized! Calling init()...
2010-11-02 16:21:36,132 - Created '20' parsers.
2010-11-02 16:21:36,137 - Velocimacro : "velocimacro.library" is not set.  Trying default library: VM_global_library.vm
2010-11-02 16:21:36,137 - Velocity was not initialized! Calling init()...
2010-11-02 16:21:36,138 - Velocimacro : Default library not found.
2010-11-02 16:21:36,138 - Velocimacro : allowInline = true : VMs can be defined inline in templates
2010-11-02 16:21:36,138 - Velocimacro : allowInlineToOverride = false : VMs defined inline may NOT replace previous VM definitions
2010-11-02 16:21:36,138 - Velocimacro : allowInlineLocal = false : VMs defined inline will be global in scope if allowed.
2010-11-02 16:21:36,138 - Velocimacro : autoload off : VM system will not automatically reload global library macros
2010-11-02 18:22:37,590 - Log4JLogChute initialized using file 'velocity.log'
2010-11-02 18:22:37,591 - Velocity was not initialized! Calling init()...
2010-11-02 18:22:37,591 - Starting Apache Velocity v1.6.4 (compiled: 2010-04-27 15:31:23)
2010-11-02 18:22:37,591 - Default Properties File: org/apache/velocity/runtime/defaults/velocity.properties
2010-11-02 18:22:37,591 - Trying to use logger class org.apache.velocity.runtime.log.AvalonLogChute
2010-11-02 18:22:37,591 - Target log system for org.apache.velocity.runtime.log.AvalonLogChute is not available (java.lang.NoClassDefFoundError: org/apache/log/format/Formatter).  Falling back to next log system...
2010-11-02 18:22:37,591 - Trying to use logger class org.apache.velocity.runtime.log.Log4JLogChute
2010-11-02 18:22:37,591 - Using logger class org.apache.velocity.runtime.log.Log4JLogChute
2010-11-02 18:22:37,595 - ResourceLoader instantiated: org.apache.velocity.runtime.resource.loader.FileResourceLoader
2010-11-02 18:22:37,596 - Do unicode file recognition:  false
2010-11-02 18:22:37,596 - FileResourceLoader : adding path '.'
2010-11-02 18:22:37,618 - ResourceCache: initialized (class org.apache.velocity.runtime.resource.ResourceCacheImpl) with class java.util.Collections$SynchronizedMap cache map.
2010-11-02 18:22:37,619 - Loaded System Directive: org.apache.velocity.runtime.directive.Define
2010-11-02 18:22:37,620 - Loaded System Directive: org.apache.velocity.runtime.directive.Break
2010-11-02 18:22:37,621 - Loaded System Directive: org.apache.velocity.runtime.directive.Evaluate
2010-11-02 18:22:37,622 - Loaded System Directive: org.apache.velocity.runtime.directive.Literal
2010-11-02 18:22:37,623 - Loaded System Directive: org.apache.velocity.runtime.directive.Macro
2010-11-02 18:22:37,625 - Loaded System Directive: org.apache.velocity.runtime.directive.Parse
2010-11-02 18:22:37,627 - Loaded System Directive: org.apache.velocity.runtime.directive.Include
2010-11-02 18:22:37,628 - Loaded System Directive: org.apache.velocity.runtime.directive.Foreach
2010-11-02 18:22:37,631 - Velocity was not initialized! Calling init()...
2010-11-02 18:22:37,653 - Velocity was not initialized! Calling init()...
2010-11-02 18:22:37,653 - Velocity was not initialized! Calling init()...
2010-11-02 18:22:37,653 - Velocity was not initialized! Calling init()...
2010-11-02 18:22:37,653 - Velocity was not initialized! Calling init()...
2010-11-02 18:22:37,653 - Velocity was not initialized! Calling init()...
2010-11-02 18:22:37,653 - Velocity was not initialized! Calling init()...
2010-11-02 18:22:37,653 - Velocity was not initialized! Calling init()...
2010-11-02 18:22:37,654 - Velocity was not initialized! Calling init()...
2010-11-02 18:22:37,654 - Velocity was not initialized! Calling init()...
2010-11-02 18:22:37,654 - Velocity was not initialized! Calling init()...
2010-11-02 18:22:37,654 - Velocity was not initialized! Calling init()...
2010-11-02 18:22:37,654 - Velocity was not initialized! Calling init()...
2010-11-02 18:22:37,654 - Velocity was not initialized! Calling init()...
2010-11-02 18:22:37,654 - Velocity was not initialized! Calling init()...
2010-11-02 18:22:37,655 - Velocity was not initialized! Calling init()...
2010-11-02 18:22:37,655 - Velocity was not initialized! Calling init()...
2010-11-02 18:22:37,655 - Velocity was not initialized! Calling init()...
2010-11-02 18:22:37,655 - Velocity was not initialized! Calling init()...
2010-11-02 18:22:37,655 - Velocity was not initialized! Calling init()...
2010-11-02 18:22:37,655 - Created '20' parsers.
2010-11-02 18:22:37,661 - Velocimacro : "velocimacro.library" is not set.  Trying default library: VM_global_library.vm
2010-11-02 18:22:37,661 - Velocity was not initialized! Calling init()...
2010-11-02 18:22:37,661 - Velocimacro : Default library not found.
2010-11-02 18:22:37,661 - Velocimacro : allowInline = true : VMs can be defined inline in templates
2010-11-02 18:22:37,661 - Velocimacro : allowInlineToOverride = false : VMs defined inline may NOT replace previous VM definitions
2010-11-02 18:22:37,661 - Velocimacro : allowInlineLocal = false : VMs defined inline will be global in scope if allowed.
2010-11-02 18:22:37,661 - Velocimacro : autoload off : VM system will not automatically reload global library macros
